MobileApplication/Week02/DBTest02_sample/app/build/intermediates/manifest_merge_blame_file/debug/manifest-merger-blame-debug-report.txt
1<?xml version="1.0" encoding="utf-8"?>
2<manifest xmlns:android="http://schemas.android.com/apk/res/android"
3    package="mobile.database.dbtest03"
4    android:versionCode="1"
5    android:versionName="1.0" >
6
7    <uses-sdk
8        android:minSdkVersion="16"
8-->src\main\AndroidManifest.xml
9        android:targetSdkVersion="30" />
9-->[androidx.constraintlayout:constraintlayout:2.1.0] AndroidManifest.xml:7:9-38
10
11    <application
11-->src\main\AndroidManifest.xml:7:5-31:19
12        android:allowBackup="true"
12-->src\main\AndroidManifest.xml:8:9-35
13        android:appComponentFactory="androidx.core.app.CoreComponentFactory"
13-->[androidx.core:core:1.5.0] AndroidManifest.xml:24:18-86
14        android:debuggable="true"
15        android:icon="@drawable/ic_launcher"
15-->src\main\AndroidManifest.xml:9:9-45
16        android:label="@string/app_name"
16-->src\main\AndroidManifest.xml:10:9-41
17        android:testOnly="true"
18        android:theme="@style/AppTheme" >
18-->src\main\AndroidManifest.xml:11:9-40
19        <activity android:name="mobile.database.dbtest02.UpdateActivity" />
19-->src\main\AndroidManifest.xml:12:9-85
19-->src\main\AndroidManifest.xml:12:19-73
20        <activity
20-->src\main\AndroidManifest.xml:13:9-21:20
21            android:name="mobile.database.dbtest02.MainActivity"
21-->src\main\AndroidManifest.xml:14:13-65
22            android:label="@string/app_name" >
22-->src\main\AndroidManifest.xml:15:13-45
23            <intent-filter>
23-->src\main\AndroidManifest.xml:16:13-20:29
24                <action android:name="android.intent.action.MAIN" />
24-->src\main\AndroidManifest.xml:17:17-69
24-->src\main\AndroidManifest.xml:17:25-66
25
26                <category android:name="android.intent.category.LAUNCHER" />
26-->src\main\AndroidManifest.xml:19:17-77
26-->src\main\AndroidManifest.xml:19:27-74
27            </intent-filter>
28        </activity>
29        <activity
29-->src\main\AndroidManifest.xml:22:9-24:78
30            android:name="mobile.database.dbtest02.InsertContactActivity"
30-->src\main\AndroidManifest.xml:23:13-74
31            android:label="@string/title_activity_insert_contact" />
31-->src\main\AndroidManifest.xml:24:13-66
32        <activity
32-->src\main\AndroidManifest.xml:25:9-27:78
33            android:name="mobile.database.dbtest02.SearchContactActivity"
33-->src\main\AndroidManifest.xml:26:13-74
34            android:label="@string/title_activity_search_contact" />
34-->src\main\AndroidManifest.xml:27:13-66
35        <activity
35-->src\main\AndroidManifest.xml:28:9-30:76
36            android:name="mobile.database.dbtest02.AllContactsActivity"
36-->src\main\AndroidManifest.xml:29:13-72
37            android:label="@string/title_activity_all_contacts" />
37-->src\main\AndroidManifest.xml:30:13-64
38    </application>
39
40</manifest>